<?xml version="1.0" encoding="UTF-8"?>
<!-- Generated by org.testng.reporters.JUnitXMLReporter -->
<testsuite ignored="4" hostname="nandakishorb-mbp.local" failures="0" tests="1" name="YourLogoApplicationTests" time="19.828" errors="0" timestamp="2020-01-12T12:32:42 IST">
  <testcase classname="test.Automation_Test.YourLogoApplicationTests" name="VerifyLogin" time="11.994"/>
  <testcase classname="test.Automation_Test.YourLogoApplicationTests" name="addProductToCartAndVerify" time="0.0">
    <ignored/>
  </testcase> <!-- addProductToCartAndVerify -->
  <testcase classname="test.Automation_Test.YourLogoApplicationTests" name="downloadInvoiceAndVerify" time="0.0">
    <ignored/>
  </testcase> <!-- downloadInvoiceAndVerify -->
  <testcase classname="test.Automation_Test.YourLogoApplicationTests" name="VerifyNewlyCreatedUserCanLogin" time="0.0">
    <ignored/>
  </testcase> <!-- VerifyNewlyCreatedUserCanLogin -->
  <testcase classname="test.Automation_Test.YourLogoApplicationTests" name="VerifyTheSearchResults" time="0.0">
    <ignored/>
  </testcase> <!-- VerifyTheSearchResults -->
</testsuite> <!-- YourLogoApplicationTests -->
