<?xml version="1.0" encoding="UTF-8"?>
<testng-results ignored="4" total="5" passed="1" failed="0" skipped="0">
  <reporter-output>
  </reporter-output>
  <suite started-at="2020-01-12T12:32:17 IST" name="SUN Suite" finished-at="2020-01-12T12:32:37 IST" duration-ms="19828">
    <groups>
    </groups>
    <test started-at="2020-01-12T12:32:17 IST" name="YourLogoApplicationTests" finished-at="2020-01-12T12:32:37 IST" duration-ms="19828">
      <class name="test.Automation_Test.YourLogoApplicationTests">
        <test-method is-config="true" signature="runBeforeTestSuit()[pri:0, instance:test.Automation_Test.YourLogoApplicationTests@78047b92]" started-at="2020-01-12T12:32:12 IST" name="runBeforeTestSuit" finished-at="2020-01-12T12:32:17 IST" duration-ms="5135" status="PASS">
          <reporter-output>
          </reporter-output>
        </test-method> <!-- runBeforeTestSuit -->
        <test-method is-config="true" signature="runBeforeClass(java.lang.String, java.lang.String)[pri:0, instance:test.Automation_Test.YourLogoApplicationTests@78047b92]" started-at="2020-01-12T12:32:17 IST" name="runBeforeClass" finished-at="2020-01-12T12:32:25 IST" duration-ms="7307" status="PASS">
          <params>
            <param index="0">
              <value>
                <![CDATA[Chrome]]>
              </value>
            </param>
            <param index="1">
              <value>
                <![CDATA[dev1]]>
              </value>
            </param>
          </params>
          <reporter-output>
          </reporter-output>
        </test-method> <!-- runBeforeClass -->
        <test-method is-config="true" signature="runBeforeMethod(java.lang.reflect.Method)[pri:0, instance:test.Automation_Test.YourLogoApplicationTests@78047b92]" started-at="2020-01-12T12:32:25 IST" name="runBeforeMethod" finished-at="2020-01-12T12:32:25 IST" duration-ms="0" status="PASS">
          <params>
            <param index="0">
              <value>
                <![CDATA[public void test.Automation_Test.YourLogoApplicationTests.VerifyLogin(java.lang.String,java.lang.String) throws java.lang.InterruptedException]]>
              </value>
            </param>
          </params>
          <reporter-output>
          </reporter-output>
        </test-method> <!-- runBeforeMethod -->
        <test-method signature="VerifyLogin(java.lang.String, java.lang.String)[pri:0, instance:test.Automation_Test.YourLogoApplicationTests@78047b92]" started-at="2020-01-12T12:32:25 IST" name="VerifyLogin" description="Verify newly created user can login" data-provider="getData" finished-at="2020-01-12T12:32:37 IST" duration-ms="11994" status="PASS">
          <params>
            <param index="0">
              <value>
                <![CDATA[nandskishor.ban14@gmail.com]]>
              </value>
            </param>
            <param index="1">
              <value>
                <![CDATA[Ram@1234]]>
              </value>
            </param>
          </params>
          <reporter-output>
          </reporter-output>
        </test-method> <!-- VerifyLogin -->
        <test-method is-config="true" signature="getResult(org.testng.ITestResult)[pri:0, instance:test.Automation_Test.YourLogoApplicationTests@78047b92]" started-at="2020-01-12T12:32:37 IST" name="getResult" finished-at="2020-01-12T12:32:37 IST" duration-ms="0" status="PASS">
          <params>
            <param index="0">
              <value>
                <![CDATA[[TestResult name=VerifyLogin status=SUCCESS method=YourLogoApplicationTests.VerifyLogin(java.lang.String, java.lang.String)[pri:0, instance:test.Automation_Test.YourLogoApplicationTests@78047b92] output={null}]]]>
              </value>
            </param>
          </params>
          <reporter-output>
          </reporter-output>
        </test-method> <!-- getResult -->
        <test-method is-config="true" signature="runAfterClass()[pri:0, instance:test.Automation_Test.YourLogoApplicationTests@78047b92]" started-at="2020-01-12T12:32:37 IST" name="runAfterClass" finished-at="2020-01-12T12:32:37 IST" duration-ms="75" status="PASS">
          <reporter-output>
          </reporter-output>
        </test-method> <!-- runAfterClass -->
        <test-method is-config="true" signature="runAfterTestSuit()[pri:0, instance:test.Automation_Test.YourLogoApplicationTests@78047b92]" started-at="2020-01-12T12:32:42 IST" name="runAfterTestSuit" finished-at="2020-01-12T12:32:42 IST" duration-ms="206" status="PASS">
          <reporter-output>
          </reporter-output>
        </test-method> <!-- runAfterTestSuit -->
      </class> <!-- test.Automation_Test.YourLogoApplicationTests -->
    </test> <!-- YourLogoApplicationTests -->
  </suite> <!-- SUN Suite -->
</testng-results>
